This is pdfTeX, Version 3.1415926-2.3-1.40.12 (TeX Live 2011) (format=pdflatex 2011.7.3)  15 DEC 2012 13:36
entering extended mode
 restricted \write18 enabled.
 %&-line parsing enabled.
**EnRoute2.0.tex
(./EnRoute2.0.tex
LaTeX2e <2009/09/24>
Babel <v3.8l> and hyphenation patterns for english, dumylang, nohyphenation, ge
rman-x-2009-06-19, ngerman-x-2009-06-19, afrikaans, ancientgreek, ibycus, arabi
c, armenian, basque, bulgarian, catalan, pinyin, coptic, croatian, czech, danis
h, dutch, ukenglish, usenglishmax, esperanto, estonian, ethiopic, farsi, finnis
h, french, galician, german, ngerman, swissgerman, monogreek, greek, hungarian,
 icelandic, assamese, bengali, gujarati, hindi, kannada, malayalam, marathi, or
iya, panjabi, tamil, telugu, indonesian, interlingua, irish, italian, kurmanji,
 lao, latin, latvian, lithuanian, mongolian, mongolianlmc, bokmal, nynorsk, pol
ish, portuguese, romanian, russian, sanskrit, serbian, serbianc, slovak, sloven
ian, spanish, swedish, turkish, turkmen, ukrainian, uppersorbian, welsh, loaded
.
(/usr/local/texlive/2011/texmf-dist/tex/latex/base/article.cls
Document Class: article 2007/10/19 v1.4h Standard LaTeX document class
(/usr/local/texlive/2011/texmf-dist/tex/latex/base/size10.clo
File: size10.clo 2007/10/19 v1.4h Standard LaTeX file (size option)
)
\c@part=\count79
\c@section=\count80
\c@subsection=\count81
\c@subsubsection=\count82
\c@paragraph=\count83
\c@subparagraph=\count84
\c@figure=\count85
\c@table=\count86
\abovecaptionskip=\skip41
\belowcaptionskip=\skip42
\bibindent=\dimen102
)
(/usr/local/texlive/2011/texmf-dist/tex/latex/preprint/fullpage.sty
Package: fullpage 1999/02/23 1.1 (PWD)
\FP@margin=\skip43
)
(/usr/local/texlive/2011/texmf-dist/tex/latex/hyperref/hyperref.sty
Package: hyperref 2011/04/17 v6.82g Hypertext links for LaTeX

(/usr/local/texlive/2011/texmf-dist/tex/generic/oberdiek/hobsub-hyperref.sty
Package: hobsub-hyperref 2011/04/23 v1.4 Bundle oberdiek, subset hyperref (HO)

(/usr/local/texlive/2011/texmf-dist/tex/generic/oberdiek/hobsub-generic.sty
Package: hobsub-generic 2011/04/23 v1.4 Bundle oberdiek, subset generic (HO)
Package: hobsub 2011/04/23 v1.4 Subsetting bundle oberdiek (HO)
Package: infwarerr 2010/04/08 v1.3 Providing info/warning/message (HO)
Package: ltxcmds 2011/04/18 v1.20 LaTeX kernel commands for general use (HO)
Package: ifluatex 2010/03/01 v1.3 Provides the ifluatex switch (HO)
Package ifluatex Info: LuaTeX not detected.
Package: ifvtex 2010/03/01 v1.5 Switches for detecting VTeX and its modes (HO)
Package ifvtex Info: VTeX not detected.
Package: intcalc 2007/09/27 v1.1 Expandable integer calculations (HO)
Package: ifpdf 2011/01/30 v2.3 Provides the ifpdf switch (HO)
Package ifpdf Info: pdfTeX in PDF mode is detected.
Package: etexcmds 2011/02/16 v1.5 Prefix for e-TeX command names (HO)
Package etexcmds Info: Could not find \expanded.
(etexcmds)             That can mean that you are not using pdfTeX 1.50 or
(etexcmds)             that some package has redefined \expanded.
(etexcmds)             In the latter case, load this package earlier.
Package: kvsetkeys 2011/04/07 v1.13 Key value parser (HO)
Package: kvdefinekeys 2011/04/07 v1.3 Defining keys (HO)
Package: pdftexcmds 2011/04/22 v0.16 Utilities of pdfTeX for LuaTeX (HO)
Package pdftexcmds Info: LuaTeX not detected.
Package pdftexcmds Info: \pdf@primitive is available.
Package pdftexcmds Info: \pdf@ifprimitive is available.
Package pdftexcmds Info: \pdfdraftmode found.
Package: pdfescape 2011/04/04 v1.12 Provides string conversions (HO)
Package: bigintcalc 2011/01/30 v1.2 Expandable big integer calculations (HO)
Package: bitset 2011/01/30 v1.1 Data type bit set (HO)
Package: uniquecounter 2011/01/30 v1.2 Provides unlimited unique counter (HO)
)
Package hobsub Info: Skipping package `hobsub' (already loaded).
Package: letltxmacro 2010/09/02 v1.4 Let assignment for LaTeX macros (HO)
Package: hopatch 2011/01/30 v1.0 Wrapper for package hooks (HO)
Package: xcolor-patch 2011/01/30 xcolor patch
Package: atveryend 2011/04/23 v1.7 Hooks at very end of document (HO)
Package atveryend Info: \enddocument detected (standard).
Package: atbegshi 2011/01/30 v1.15 At begin shipout hook (HO)
Package: refcount 2010/12/01 v3.2 Data extraction from references (HO)
Package: hycolor 2011/01/30 v1.7 Color options of hyperref/bookmark (HO)
)
(/usr/local/texlive/2011/texmf-dist/tex/latex/graphics/keyval.sty
Package: keyval 1999/03/16 v1.13 key=value parser (DPC)
\KV@toks@=\toks14
)
(/usr/local/texlive/2011/texmf-dist/tex/generic/ifxetex/ifxetex.sty
Package: ifxetex 2010/09/12 v0.6 Provides ifxetex conditional
)
(/usr/local/texlive/2011/texmf-dist/tex/latex/oberdiek/kvoptions.sty
Package: kvoptions 2010/12/23 v3.10 Keyval support for LaTeX options (HO)
)
\@linkdim=\dimen103
\Hy@linkcounter=\count87
\Hy@pagecounter=\count88

(/usr/local/texlive/2011/texmf-dist/tex/latex/hyperref/pd1enc.def
File: pd1enc.def 2011/04/17 v6.82g Hyperref: PDFDocEncoding definition (HO)
)
\Hy@SavedSpaceFactor=\count89

(/usr/local/texlive/2011/texmf-dist/tex/latex/latexconfig/hyperref.cfg
File: hyperref.cfg 2002/06/06 v1.2 hyperref configuration of TeXLive
)
Package hyperref Info: Hyper figures OFF on input line 4026.
Package hyperref Info: Link nesting OFF on input line 4031.
Package hyperref Info: Hyper index ON on input line 4034.
Package hyperref Info: Plain pages OFF on input line 4041.
Package hyperref Info: Backreferencing OFF on input line 4046.
Package hyperref Info: Implicit mode ON; LaTeX internals redefined.
Package hyperref Info: Bookmarks ON on input line 4264.
\c@Hy@tempcnt=\count90

(/usr/local/texlive/2011/texmf-dist/tex/latex/url/url.sty
\Urlmuskip=\muskip10
Package: url 2006/04/12  ver 3.3  Verb mode for urls, etc.
)
LaTeX Info: Redefining \url on input line 4617.
\Fld@menulength=\count91
\Field@Width=\dimen104
\Fld@charsize=\dimen105
Package hyperref Info: Hyper figures OFF on input line 5701.
Package hyperref Info: Link nesting OFF on input line 5706.
Package hyperref Info: Hyper index ON on input line 5709.
Package hyperref Info: backreferencing OFF on input line 5716.
Package hyperref Info: Link coloring OFF on input line 5721.
Package hyperref Info: Link coloring with OCG OFF on input line 5726.
Package hyperref Info: PDF/A mode OFF on input line 5731.
LaTeX Info: Redefining \ref on input line 5771.
LaTeX Info: Redefining \pageref on input line 5775.
\Hy@abspage=\count92
\c@Item=\count93
\c@Hfootnote=\count94
)

Package hyperref Message: Driver (autodetected): hpdftex.

(/usr/local/texlive/2011/texmf-dist/tex/latex/hyperref/hpdftex.def
File: hpdftex.def 2011/04/17 v6.82g Hyperref driver for pdfTeX
\Fld@listcount=\count95
\c@bookmark@seq@number=\count96

(/usr/local/texlive/2011/texmf-dist/tex/latex/oberdiek/rerunfilecheck.sty
Package: rerunfilecheck 2011/04/15 v1.7 Rerun checks for auxiliary files (HO)
Package uniquecounter Info: New unique counter `rerunfilecheck' on input line 2
82.
)
\Hy@SectionHShift=\skip44
)
(/usr/local/texlive/2011/texmf-dist/tex/latex/graphics/epsfig.sty
Package: epsfig 1999/02/16 v1.7a (e)psfig emulation (SPQR)

(/usr/local/texlive/2011/texmf-dist/tex/latex/graphics/graphicx.sty
Package: graphicx 1999/02/16 v1.0f Enhanced LaTeX Graphics (DPC,SPQR)

(/usr/local/texlive/2011/texmf-dist/tex/latex/graphics/graphics.sty
Package: graphics 2009/02/05 v1.0o Standard LaTeX Graphics (DPC,SPQR)

(/usr/local/texlive/2011/texmf-dist/tex/latex/graphics/trig.sty
Package: trig 1999/03/16 v1.09 sin cos tan (DPC)
)
(/usr/local/texlive/2011/texmf-dist/tex/latex/latexconfig/graphics.cfg
File: graphics.cfg 2010/04/23 v1.9 graphics configuration of TeX Live
)
Package graphics Info: Driver file: pdftex.def on input line 91.

(/usr/local/texlive/2011/texmf-dist/tex/latex/pdftex-def/pdftex.def
File: pdftex.def 2011/05/27 v0.06d Graphics/color for pdfTeX
\Gread@gobject=\count97
))
\Gin@req@height=\dimen106
\Gin@req@width=\dimen107
)
\epsfxsize=\dimen108
\epsfysize=\dimen109
)
(/usr/local/texlive/2011/texmf-dist/tex/latex/caption/caption.sty
Package: caption 2010/01/09 v3.1m Customizing captions (AR)

(/usr/local/texlive/2011/texmf-dist/tex/latex/caption/caption3.sty
Package: caption3 2010/01/14 v3.1m caption3 kernel (AR)
\captionmargin=\dimen110
\captionmargin@=\dimen111
\captionwidth=\dimen112
\caption@indent=\dimen113
\caption@parindent=\dimen114
\caption@hangindent=\dimen115
)
\c@ContinuedFloat=\count98
Package caption Info: hyperref package is loaded.
)
(/usr/local/texlive/2011/texmf-dist/tex/latex/caption/subcaption.sty
Package: subcaption 2008/08/31 v1.0b Adding subcaptions (AR)
\c@subfigure=\count99
\c@subtable=\count100
)
(/usr/local/texlive/2011/texmf-dist/tex/latex/sttools/stfloats.sty
Package: stfloats 1999/10/22
\@dblbotnum=\count101
\c@dblbotnumber=\count102
)
(./EnRoute2.0.aux)
\openout1 = `EnRoute2.0.aux'.

LaTeX Font Info:    Checking defaults for OML/cmm/m/it on input line 11.
LaTeX Font Info:    ... okay on input line 11.
LaTeX Font Info:    Checking defaults for T1/cmr/m/n on input line 11.
LaTeX Font Info:    ... okay on input line 11.
LaTeX Font Info:    Checking defaults for OT1/cmr/m/n on input line 11.
LaTeX Font Info:    ... okay on input line 11.
LaTeX Font Info:    Checking defaults for OMS/cmsy/m/n on input line 11.
LaTeX Font Info:    ... okay on input line 11.
LaTeX Font Info:    Checking defaults for OMX/cmex/m/n on input line 11.
LaTeX Font Info:    ... okay on input line 11.
LaTeX Font Info:    Checking defaults for U/cmr/m/n on input line 11.
LaTeX Font Info:    ... okay on input line 11.
LaTeX Font Info:    Checking defaults for PD1/pdf/m/n on input line 11.
LaTeX Font Info:    ... okay on input line 11.
\AtBeginShipoutBox=\box26
Package hyperref Info: Link coloring OFF on input line 11.

(/usr/local/texlive/2011/texmf-dist/tex/latex/hyperref/nameref.sty
Package: nameref 2010/04/30 v2.40 Cross-referencing by name of section

(/usr/local/texlive/2011/texmf-dist/tex/generic/oberdiek/gettitlestring.sty
Package: gettitlestring 2010/12/03 v1.4 Cleanup title references (HO)
)
\c@section@level=\count103
)
LaTeX Info: Redefining \ref on input line 11.
LaTeX Info: Redefining \pageref on input line 11.
LaTeX Info: Redefining \nameref on input line 11.

(./EnRoute2.0.out) (./EnRoute2.0.out)
\@outlinefile=\write3
\openout3 = `EnRoute2.0.out'.


(/usr/local/texlive/2011/texmf-dist/tex/context/base/supp-pdf.mkii
[Loading MPS to PDF converter (version 2006.09.02).]
\scratchcounter=\count104
\scratchdimen=\dimen116
\scratchbox=\box27
\nofMPsegments=\count105
\nofMParguments=\count106
\everyMPshowfont=\toks15
\MPscratchCnt=\count107
\MPscratchDim=\dimen117
\MPnumerator=\count108
\makeMPintoPDFobject=\count109
\everyMPtoPDFconversion=\toks16
) (/usr/local/texlive/2011/texmf-dist/tex/latex/oberdiek/epstopdf-base.sty
Package: epstopdf-base 2010/02/09 v2.5 Base part for package epstopdf

(/usr/local/texlive/2011/texmf-dist/tex/latex/oberdiek/grfext.sty
Package: grfext 2010/08/19 v1.1 Managing graphics extensions (HO)
)
Package grfext Info: Graphics extension search list:
(grfext)             [.png,.pdf,.jpg,.mps,.jpeg,.jbig2,.jb2,.PNG,.PDF,.JPG,.JPE
G,.JBIG2,.JB2,.eps]
(grfext)             \AppendGraphicsExtensions on input line 452.

(/usr/local/texlive/2011/texmf-dist/tex/latex/latexconfig/epstopdf-sys.cfg
File: epstopdf-sys.cfg 2010/07/13 v1.3 Configuration of (r)epstopdf for TeX Liv
e
))
Package caption Info: Begin \AtBeginDocument code.
Package caption Info: End \AtBeginDocument code.
LaTeX Font Info:    External font `cmex10' loaded for size
(Font)              <7> on input line 19.
LaTeX Font Info:    External font `cmex10' loaded for size
(Font)              <5> on input line 19.
LaTeX Font Info:    External font `cmex10' loaded for size
(Font)              <12> on input line 19.
LaTeX Font Info:    External font `cmex10' loaded for size
(Font)              <8> on input line 19.
LaTeX Font Info:    External font `cmex10' loaded for size
(Font)              <6> on input line 19.
Package epstopdf Info: Source file: <enroute2.eps>
(epstopdf)                    date: 2012-12-14 20:50:38
(epstopdf)                    size: 5100845 bytes
(epstopdf)             Output file: <enroute2-eps-converted-to.pdf>
(epstopdf)                    date: 2012-12-14 21:04:09
(epstopdf)                    size: 355968 bytes
(epstopdf)             Command: <repstopdf --outfile=enroute2-eps-converted-to.
pdf enroute2.eps>
(epstopdf)             \includegraphics on input line 22.
Package epstopdf Info: Output file is already uptodate.

<enroute2-eps-converted-to.pdf, id=5, 435.6275pt x 453.695pt>
File: enroute2-eps-converted-to.pdf Graphic file (type pdf)

<use enroute2-eps-converted-to.pdf>
Package pdftex.def Info: enroute2-eps-converted-to.pdf used on input line 22.
(pdftex.def)             Requested size: 221.48395pt x 230.66833pt.
 [1{/usr/local/texlive/2011/texmf-var/fonts/map/pdftex/updmap/pdftex.map}


 <./enroute2-eps-converted-to.pdf>]
Package epstopdf Info: Source file: <front.eps>
(epstopdf)                    date: 2012-12-14 20:43:15
(epstopdf)                    size: 1189621 bytes
(epstopdf)             Output file: <front-eps-converted-to.pdf>
(epstopdf)                    date: 2012-12-14 20:56:01
(epstopdf)                    size: 80256 bytes
(epstopdf)             Command: <repstopdf --outfile=front-eps-converted-to.pdf
 front.eps>
(epstopdf)             \includegraphics on input line 47.
Package epstopdf Info: Output file is already uptodate.

<front-eps-converted-to.pdf, id=25, 526.96875pt x 429.605pt>
File: front-eps-converted-to.pdf Graphic file (type pdf)

<use front-eps-converted-to.pdf>
Package pdftex.def Info: front-eps-converted-to.pdf used on input line 47.
(pdftex.def)             Requested size: 177.18782pt x 144.45117pt.
Missing character: There is no â in font cmr10!
Missing character: There is no € in font cmr10!
Missing character: There is no ˜ in font cmr10!
Missing character: There is no â in font cmr10!
Missing character: There is no € in font cmr10!
Missing character: There is no ™ in font cmr10!
Package epstopdf Info: Source file: <ductwork.eps>
(epstopdf)                    date: 2012-12-14 20:43:47
(epstopdf)                    size: 1160985 bytes
(epstopdf)             Output file: <ductwork-eps-converted-to.pdf>
(epstopdf)                    date: 2012-12-14 20:56:02
(epstopdf)                    size: 69888 bytes
(epstopdf)             Command: <repstopdf --outfile=ductwork-eps-converted-to.
pdf ductwork.eps>
(epstopdf)             \includegraphics on input line 68.
Package epstopdf Info: Output file is already uptodate.

<ductwork-eps-converted-to.pdf, id=30, 573.14125pt x 331.2375pt>
File: ductwork-eps-converted-to.pdf Graphic file (type pdf)

<use ductwork-eps-converted-to.pdf>
Package pdftex.def Info: ductwork-eps-converted-to.pdf used on input line 68.
(pdftex.def)             Requested size: 177.18782pt x 102.40457pt.
Package epstopdf Info: Source file: <vav.eps>
(epstopdf)                    date: 2012-12-14 20:36:29
(epstopdf)                    size: 30522186 bytes
(epstopdf)             Output file: <vav-eps-converted-to.pdf>
(epstopdf)                    date: 2012-12-14 20:56:04
(epstopdf)                    size: 1686242 bytes
(epstopdf)             Command: <repstopdf --outfile=vav-eps-converted-to.pdf v
av.eps>
(epstopdf)             \includegraphics on input line 75.
Package epstopdf Info: Output file is already uptodate.

<vav-eps-converted-to.pdf, id=32, 590.205pt x 442.65375pt>
File: vav-eps-converted-to.pdf Graphic file (type pdf)

<use vav-eps-converted-to.pdf>
Package pdftex.def Info: vav-eps-converted-to.pdf used on input line 75.
(pdftex.def)             Requested size: 177.18782pt x 132.88495pt.
 [2 <./front-eps-converted-to.pdf> <./ductwork-eps-converted-to.pdf> <./vav-eps
-converted-to.pdf>]
Package epstopdf Info: Source file: <heater.eps>
(epstopdf)                    date: 2012-12-14 20:44:22
(epstopdf)                    size: 7568013 bytes
(epstopdf)             Output file: <heater-eps-converted-to.pdf>
(epstopdf)                    date: 2012-12-14 20:56:06
(epstopdf)                    size: 503915 bytes
(epstopdf)             Command: <repstopdf --outfile=heater-eps-converted-to.pd
f heater.eps>
(epstopdf)             \includegraphics on input line 88.
Package epstopdf Info: Output file is already uptodate.

<heater-eps-converted-to.pdf, id=60, 452.69125pt x 275.0275pt>
File: heater-eps-converted-to.pdf Graphic file (type pdf)

<use heater-eps-converted-to.pdf>
Package pdftex.def Info: heater-eps-converted-to.pdf used on input line 88.
(pdftex.def)             Requested size: 177.18782pt x 107.64638pt.
Package epstopdf Info: Source file: <cooler.eps>
(epstopdf)                    date: 2012-12-14 20:58:54
(epstopdf)                    size: 38212483 bytes
(epstopdf)             Output file: <cooler-eps-converted-to.pdf>
(epstopdf)                    date: 2012-12-14 20:59:54
(epstopdf)                    size: 1636917 bytes
(epstopdf)             Command: <repstopdf --outfile=cooler-eps-converted-to.pd
f cooler.eps>
(epstopdf)             \includegraphics on input line 95.
Package epstopdf Info: Output file is already uptodate.

<cooler-eps-converted-to.pdf, id=62, 621.32124pt x 466.74374pt>
File: cooler-eps-converted-to.pdf Graphic file (type pdf)

<use cooler-eps-converted-to.pdf>
Package pdftex.def Info: cooler-eps-converted-to.pdf used on input line 95.
(pdftex.def)             Requested size: 177.18782pt x 133.10168pt.
Missing character: There is no â in font cmr10!
Missing character: There is no € in font cmr10!
Missing character: There is no ˜ in font cmr10!
Missing character: There is no â in font cmr10!
Missing character: There is no € in font cmr10!
Missing character: There is no ™ in font cmr10!
Package epstopdf Info: Source file: <encl.eps>
(epstopdf)                    date: 2012-12-14 20:57:16
(epstopdf)                    size: 30591387 bytes
(epstopdf)             Output file: <encl-eps-converted-to.pdf>
(epstopdf)                    date: 2012-12-14 20:57:28
(epstopdf)                    size: 1651465 bytes
(epstopdf)             Command: <repstopdf --outfile=encl-eps-converted-to.pdf 
encl.eps>
(epstopdf)             \includegraphics on input line 108.
Package epstopdf Info: Output file is already uptodate.

<encl-eps-converted-to.pdf, id=66, 352.31625pt x 338.26375pt>
File: encl-eps-converted-to.pdf Graphic file (type pdf)

<use encl-eps-converted-to.pdf>
Package pdftex.def Info: encl-eps-converted-to.pdf used on input line 108.
(pdftex.def)             Requested size: 177.18782pt x 170.1173pt.
 [3 <./heater-eps-converted-to.pdf> <./cooler-eps-converted-to.pdf> <./encl-eps
-converted-to.pdf>]
Underfull \hbox (badness 10000) in paragraph at lines 119--120
\OT1/cmr/m/n/10 (https://www.sparkfun.com/products/10988?).
 []


Underfull \hbox (badness 4072) in paragraph at lines 121--122
[]\OT1/cmr/m/n/10 We use a to-tal of 3 blow-ers, as shown
 []


Underfull \hbox (badness 10000) in paragraph at lines 121--122
\OT1/cmr/m/n/10 here []8a[], to force air through the duct-
 []


Underfull \hbox (badness 10000) in paragraph at lines 121--122
\OT1/cmr/m/n/10 work. These blow-ers can be found at
 []


Underfull \hbox (badness 10000) in paragraph at lines 121--122
\OT1/cmr/m/n/10 (https://www.sparkfun.com/products/11270).
 []

Package epstopdf Info: Source file: <blower.eps>
(epstopdf)                    date: 2012-12-14 20:19:01
(epstopdf)                    size: 378299 bytes
(epstopdf)             Output file: <blower-eps-converted-to.pdf>
(epstopdf)                    date: 2012-12-14 20:22:03
(epstopdf)                    size: 70703 bytes
(epstopdf)             Command: <repstopdf --outfile=blower-eps-converted-to.pd
f blower.eps>
(epstopdf)             \includegraphics on input line 127.
Package epstopdf Info: Output file is already uptodate.
<blower-eps-converted-to.pdf, id=97, 620.3175pt x 620.3175pt>
File: blower-eps-converted-to.pdf Graphic file (type pdf)

<use blower-eps-converted-to.pdf>
Package pdftex.def Info: blower-eps-converted-to.pdf used on input line 127.
(pdftex.def)             Requested size: 88.59222pt x 88.58546pt.
Package epstopdf Info: Source file: <temp.eps>
(epstopdf)                    date: 2012-12-14 20:18:49
(epstopdf)                    size: 276407 bytes
(epstopdf)             Output file: <temp-eps-converted-to.pdf>
(epstopdf)                    date: 2012-12-14 20:22:02
(epstopdf)                    size: 41686 bytes
(epstopdf)             Command: <repstopdf --outfile=temp-eps-converted-to.pdf 
temp.eps>
(epstopdf)             \includegraphics on input line 133.
Package epstopdf Info: Output file is already uptodate.

<temp-eps-converted-to.pdf, id=99, 620.3175pt x 620.3175pt>
File: temp-eps-converted-to.pdf Graphic file (type pdf)

<use temp-eps-converted-to.pdf>
Package pdftex.def Info: temp-eps-converted-to.pdf used on input line 133.
(pdftex.def)             Requested size: 88.59222pt x 88.58546pt.
Package epstopdf Info: Source file: <servo.eps>
(epstopdf)                    date: 2012-12-14 20:18:38
(epstopdf)                    size: 340665 bytes
(epstopdf)             Output file: <servo-eps-converted-to.pdf>
(epstopdf)                    date: 2012-12-14 20:22:01
(epstopdf)                    size: 43909 bytes
(epstopdf)             Command: <repstopdf --outfile=servo-eps-converted-to.pdf
 servo.eps>
(epstopdf)             \includegraphics on input line 140.
Package epstopdf Info: Output file is already uptodate.

<servo-eps-converted-to.pdf, id=101, 621.32124pt x 549.05125pt>
File: servo-eps-converted-to.pdf Graphic file (type pdf)

<use servo-eps-converted-to.pdf>
Package pdftex.def Info: servo-eps-converted-to.pdf used on input line 140.
(pdftex.def)             Requested size: 70.87404pt x 62.62433pt.
Package epstopdf Info: Source file: <flow.eps>
(epstopdf)                    date: 2012-12-14 20:19:18
(epstopdf)                    size: 369790 bytes
(epstopdf)             Output file: <flow-eps-converted-to.pdf>
(epstopdf)                    date: 2012-12-14 20:22:03
(epstopdf)                    size: 42274 bytes
(epstopdf)             Command: <repstopdf --outfile=flow-eps-converted-to.pdf 
flow.eps>
(epstopdf)             \includegraphics on input line 151.
Package epstopdf Info: Output file is already uptodate.

<flow-eps-converted-to.pdf, id=103, 240.9pt x 624.3325pt>
File: flow-eps-converted-to.pdf Graphic file (type pdf)

<use flow-eps-converted-to.pdf>
Package pdftex.def Info: flow-eps-converted-to.pdf used on input line 151.
(pdftex.def)             Requested size: 66.44435pt x 155.03482pt.

Underfull \hbox (badness 10000) in paragraph at lines 158--159
[]\OT1/cmr/m/n/10 We use air flow me-ters, dis-
 []


Underfull \hbox (badness 10000) in paragraph at lines 158--159
\OT1/cmr/m/n/10 played here []9[], from Am-bi-ent Weather
 []


Overfull \hbox (4.0999pt too wide) in paragraph at lines 158--159
\OT1/cmr/m/n/10 (http://www.ambientweather.com/amhp816a.html)
 []

Package epstopdf Info: Source file: <sys_arch.eps>
(epstopdf)                    date: 2012-12-14 23:56:59
(epstopdf)                    size: 2568484 bytes
(epstopdf)             Output file: <sys_arch-eps-converted-to.pdf>
(epstopdf)                    date: 2012-12-14 23:57:15
(epstopdf)                    size: 264592 bytes
(epstopdf)             Command: <repstopdf --outfile=sys_arch-eps-converted-to.
pdf sys_arch.eps>
(epstopdf)             \includegraphics on input line 168.
Package epstopdf Info: Output file is already uptodate.
<sys_arch-eps-converted-to.pdf, id=107, 619.31375pt x 398.48875pt>
File: sys_arch-eps-converted-to.pdf Graphic file (type pdf)

<use sys_arch-eps-converted-to.pdf>
Package pdftex.def Info: sys_arch-eps-converted-to.pdf used on input line 168.
(pdftex.def)             Requested size: 221.48395pt x 142.51337pt.
 [4 <./blower-eps-converted-to.pdf> <./temp-eps-converted-to.pdf> <./servo-eps-
converted-to.pdf> <./flow-eps-converted-to.pdf> <./sys_arch-eps-converted-to.pd
f>]
Package epstopdf Info: Source file: <overview_tab.eps>
(epstopdf)                    date: 2012-12-14 18:51:23
(epstopdf)                    size: 496962 bytes
(epstopdf)             Output file: <overview_tab-eps-converted-to.pdf>
(epstopdf)                    date: 2012-12-14 18:51:59
(epstopdf)                    size: 130209 bytes
(epstopdf)             Command: <repstopdf --outfile=overview_tab-eps-converted
-to.pdf overview_tab.eps>
(epstopdf)             \includegraphics on input line 179.
Package epstopdf Info: Output file is already uptodate.

<overview_tab-eps-converted-to.pdf, id=149, 619.31375pt x 313.17pt>
File: overview_tab-eps-converted-to.pdf Graphic file (type pdf)

<use overview_tab-eps-converted-to.pdf>
Package pdftex.def Info: overview_tab-eps-converted-to.pdf used on input line 1
79.
(pdftex.def)             Requested size: 452.9679pt x 229.06137pt.
Package epstopdf Info: Source file: <HVAC_tab.eps>
(epstopdf)                    date: 2012-12-14 19:32:53
(epstopdf)                    size: 502696 bytes
(epstopdf)             Output file: <HVAC_tab-eps-converted-to.pdf>
(epstopdf)                    date: 2012-12-14 19:33:32
(epstopdf)                    size: 126649 bytes
(epstopdf)             Command: <repstopdf --outfile=HVAC_tab-eps-converted-to.
pdf HVAC_tab.eps>
(epstopdf)             \includegraphics on input line 186.
Package epstopdf Info: Output file is already uptodate.

<HVAC_tab-eps-converted-to.pdf, id=151, 619.31375pt x 313.17pt>
File: HVAC_tab-eps-converted-to.pdf Graphic file (type pdf)

<use HVAC_tab-eps-converted-to.pdf>
Package pdftex.def Info: HVAC_tab-eps-converted-to.pdf used on input line 186.
(pdftex.def)             Requested size: 452.9679pt x 229.06137pt.
Package epstopdf Info: Source file: <control_tab.eps>
(epstopdf)                    date: 2012-12-14 19:33:08
(epstopdf)                    size: 569324 bytes
(epstopdf)             Output file: <control_tab-eps-converted-to.pdf>
(epstopdf)                    date: 2012-12-14 19:33:33
(epstopdf)                    size: 134017 bytes
(epstopdf)             Command: <repstopdf --outfile=control_tab-eps-converted-
to.pdf control_tab.eps>
(epstopdf)             \includegraphics on input line 193.
Package epstopdf Info: Output file is already uptodate.

<control_tab-eps-converted-to.pdf, id=153, 619.31375pt x 313.17pt>
File: control_tab-eps-converted-to.pdf Graphic file (type pdf)

<use control_tab-eps-converted-to.pdf>
Package pdftex.def Info: control_tab-eps-converted-to.pdf used on input line 19
3.
(pdftex.def)             Requested size: 452.9679pt x 229.06137pt.
Missing character: There is no â in font cmr10!
Missing character: There is no € in font cmr10!
Missing character: There is no ™ in font cmr10!
Package epstopdf Info: Source file: <blower_mdl.eps>
(epstopdf)                    date: 2012-12-14 19:44:09
(epstopdf)                    size: 136548 bytes
(epstopdf)             Output file: <blower_mdl-eps-converted-to.pdf>
(epstopdf)                    date: 2012-12-14 19:48:07
(epstopdf)                    size: 63906 bytes
(epstopdf)             Command: <repstopdf --outfile=blower_mdl-eps-converted-t
o.pdf blower_mdl.eps>
(epstopdf)             \includegraphics on input line 202.
Package epstopdf Info: Output file is already uptodate.

<blower_mdl-eps-converted-to.pdf, id=155, 444.66125pt x 305.14pt>
File: blower_mdl-eps-converted-to.pdf Graphic file (type pdf)

<use blower_mdl-eps-converted-to.pdf>
Package pdftex.def Info: blower_mdl-eps-converted-to.pdf used on input line 202
.
(pdftex.def)             Requested size: 221.48395pt x 151.98761pt.

Underfull \hbox (badness 1043) in paragraph at lines 208--209
\OT1/cmr/m/n/10 test-ing al-go-rithms are in-ti-mately fa-mil-iar with
 []

Package epstopdf Info: Source file: <lazy_mdl.eps>
(epstopdf)                    date: 2012-12-14 19:45:20
(epstopdf)                    size: 118766 bytes
(epstopdf)             Output file: <lazy_mdl-eps-converted-to.pdf>
(epstopdf)                    date: 2012-12-14 19:48:08
(epstopdf)                    size: 60394 bytes
(epstopdf)             Command: <repstopdf --outfile=lazy_mdl-eps-converted-to.
pdf lazy_mdl.eps>
(epstopdf)             \includegraphics on input line 213.
Package epstopdf Info: Output file is already uptodate.
<lazy_mdl-eps-converted-to.pdf, id=159, 619.31375pt x 217.81375pt>
File: lazy_mdl-eps-converted-to.pdf Graphic file (type pdf)

<use lazy_mdl-eps-converted-to.pdf>
Package pdftex.def Info: lazy_mdl-eps-converted-to.pdf used on input line 213.
(pdftex.def)             Requested size: 221.48395pt x 77.89772pt.
Package epstopdf Info: Source file: <lazy_code.eps>
(epstopdf)                    date: 2012-12-14 19:45:41
(epstopdf)                    size: 99842 bytes
(epstopdf)             Output file: <lazy_code-eps-converted-to.pdf>
(epstopdf)                    date: 2012-12-14 19:48:09
(epstopdf)                    size: 24898 bytes
(epstopdf)             Command: <repstopdf --outfile=lazy_code-eps-converted-to
.pdf lazy_code.eps>
(epstopdf)             \includegraphics on input line 220.
Package epstopdf Info: Output file is already uptodate.

<lazy_code-eps-converted-to.pdf, id=160, 621.32124pt x 64.24pt>
File: lazy_code-eps-converted-to.pdf Graphic file (type pdf)

<use lazy_code-eps-converted-to.pdf>
Package pdftex.def Info: lazy_code-eps-converted-to.pdf used on input line 220.

(pdftex.def)             Requested size: 221.48395pt x 22.89995pt.
Missing character: There is no â in font cmr10!
Missing character: There is no € in font cmr10!
Missing character: There is no ™ in font cmr10!
Missing character: There is no â in font cmr10!
Missing character: There is no € in font cmr10!
Missing character: There is no ™ in font cmr10!
 [5 <./blower_mdl-eps-converted-to.pdf> <./lazy_mdl-eps-converted-to.pdf> <./la
zy_code-eps-converted-to.pdf>]
Underfull \vbox (badness 10000) has occurred while \output is active []

 [6 <./overview_tab-eps-converted-to.pdf> <./HVAC_tab-eps-converted-to.pdf>]
Package epstopdf Info: Source file: <on_off_rm1_temp.eps>
(epstopdf)                    date: 2012-12-14 20:03:44
(epstopdf)                    size: 190113 bytes
(epstopdf)             Output file: <on_off_rm1_temp-eps-converted-to.pdf>
(epstopdf)                    date: 2012-12-14 20:06:02
(epstopdf)                    size: 49712 bytes
(epstopdf)             Command: <repstopdf --outfile=on_off_rm1_temp-eps-conver
ted-to.pdf on_off_rm1_temp.eps>
(epstopdf)             \includegraphics on input line 245.
Package epstopdf Info: Output file is already uptodate.

<on_off_rm1_temp-eps-converted-to.pdf, id=206, 618.31pt x 462.72874pt>
File: on_off_rm1_temp-eps-converted-to.pdf Graphic file (type pdf)

<use on_off_rm1_temp-eps-converted-to.pdf>
Package pdftex.def Info: on_off_rm1_temp-eps-converted-to.pdf used on input lin
e 245.
(pdftex.def)             Requested size: 221.48395pt x 165.75612pt.
Package epstopdf Info: Source file: <on_off_blower.eps>
(epstopdf)                    date: 2012-12-14 20:04:10
(epstopdf)                    size: 156703 bytes
(epstopdf)             Output file: <on_off_blower-eps-converted-to.pdf>
(epstopdf)                    date: 2012-12-14 20:06:02
(epstopdf)                    size: 38166 bytes
(epstopdf)             Command: <repstopdf --outfile=on_off_blower-eps-converte
d-to.pdf on_off_blower.eps>
(epstopdf)             \includegraphics on input line 252.
Package epstopdf Info: Output file is already uptodate.

<on_off_blower-eps-converted-to.pdf, id=208, 618.31pt x 462.72874pt>
File: on_off_blower-eps-converted-to.pdf Graphic file (type pdf)

<use on_off_blower-eps-converted-to.pdf>
Package pdftex.def Info: on_off_blower-eps-converted-to.pdf used on input line 
252.
(pdftex.def)             Requested size: 221.48395pt x 165.75612pt.
Package epstopdf Info: Source file: <k_lazy_blower.eps>
(epstopdf)                    date: 2012-12-14 20:08:08
(epstopdf)                    size: 148998 bytes
(epstopdf)             Output file: <k_lazy_blower-eps-converted-to.pdf>
(epstopdf)                    date: 2012-12-14 20:12:33
(epstopdf)                    size: 39360 bytes
(epstopdf)             Command: <repstopdf --outfile=k_lazy_blower-eps-converte
d-to.pdf k_lazy_blower.eps>
(epstopdf)             \includegraphics on input line 261.
Package epstopdf Info: Output file is already uptodate.

<k_lazy_blower-eps-converted-to.pdf, id=210, 618.31pt x 462.72874pt>
File: k_lazy_blower-eps-converted-to.pdf Graphic file (type pdf)

<use k_lazy_blower-eps-converted-to.pdf>
Package pdftex.def Info: k_lazy_blower-eps-converted-to.pdf used on input line 
261.
(pdftex.def)             Requested size: 221.48395pt x 165.75612pt.
Package epstopdf Info: Source file: <k_lazy_rm1_temp.eps>
(epstopdf)                    date: 2012-12-14 20:08:25
(epstopdf)                    size: 171219 bytes
(epstopdf)             Output file: <k_lazy_rm1_temp-eps-converted-to.pdf>
(epstopdf)                    date: 2012-12-14 20:12:34
(epstopdf)                    size: 46617 bytes
(epstopdf)             Command: <repstopdf --outfile=k_lazy_rm1_temp-eps-conver
ted-to.pdf k_lazy_rm1_temp.eps>
(epstopdf)             \includegraphics on input line 268.
Package epstopdf Info: Output file is already uptodate.

<k_lazy_rm1_temp-eps-converted-to.pdf, id=211, 618.31pt x 462.72874pt>
File: k_lazy_rm1_temp-eps-converted-to.pdf Graphic file (type pdf)

<use k_lazy_rm1_temp-eps-converted-to.pdf>
Package pdftex.def Info: k_lazy_rm1_temp-eps-converted-to.pdf used on input lin
e 268.
(pdftex.def)             Requested size: 221.48395pt x 165.75612pt.
Package epstopdf Info: Source file: <k_lazy_rm3_temp.eps>
(epstopdf)                    date: 2012-12-14 20:08:58
(epstopdf)                    size: 162554 bytes
(epstopdf)             Output file: <k_lazy_rm3_temp-eps-converted-to.pdf>
(epstopdf)                    date: 2012-12-14 20:12:35
(epstopdf)                    size: 45773 bytes
(epstopdf)             Command: <repstopdf --outfile=k_lazy_rm3_temp-eps-conver
ted-to.pdf k_lazy_rm3_temp.eps>
(epstopdf)             \includegraphics on input line 275.
Package epstopdf Info: Output file is already uptodate.

<k_lazy_rm3_temp-eps-converted-to.pdf, id=212, 618.31pt x 462.72874pt>
File: k_lazy_rm3_temp-eps-converted-to.pdf Graphic file (type pdf)

<use k_lazy_rm3_temp-eps-converted-to.pdf>
Package pdftex.def Info: k_lazy_rm3_temp-eps-converted-to.pdf used on input lin
e 275.
(pdftex.def)             Requested size: 221.48395pt x 165.75612pt.
Package epstopdf Info: Source file: <k_lazy_rm1_valve.eps>
(epstopdf)                    date: 2012-12-14 20:08:41
(epstopdf)                    size: 201971 bytes
(epstopdf)             Output file: <k_lazy_rm1_valve-eps-converted-to.pdf>
(epstopdf)                    date: 2012-12-14 20:12:36
(epstopdf)                    size: 44681 bytes
(epstopdf)             Command: <repstopdf --outfile=k_lazy_rm1_valve-eps-conve
rted-to.pdf k_lazy_rm1_valve.eps>
(epstopdf)             \includegraphics on input line 289.
Package epstopdf Info: Output file is already uptodate.

<k_lazy_rm1_valve-eps-converted-to.pdf, id=215, 618.31pt x 462.72874pt>
File: k_lazy_rm1_valve-eps-converted-to.pdf Graphic file (type pdf)

<use k_lazy_rm1_valve-eps-converted-to.pdf>
Package pdftex.def Info: k_lazy_rm1_valve-eps-converted-to.pdf used on input li
ne 289.
(pdftex.def)             Requested size: 221.48395pt x 165.75612pt.
Package epstopdf Info: Source file: <k_lazy_rm3_valve.eps>
(epstopdf)                    date: 2012-12-14 20:09:14
(epstopdf)                    size: 235275 bytes
(epstopdf)             Output file: <k_lazy_rm3_valve-eps-converted-to.pdf>
(epstopdf)                    date: 2012-12-14 20:12:36
(epstopdf)                    size: 45737 bytes
(epstopdf)             Command: <repstopdf --outfile=k_lazy_rm3_valve-eps-conve
rted-to.pdf k_lazy_rm3_valve.eps>
(epstopdf)             \includegraphics on input line 296.
Package epstopdf Info: Output file is already uptodate.

<k_lazy_rm3_valve-eps-converted-to.pdf, id=216, 618.31pt x 462.72874pt>
File: k_lazy_rm3_valve-eps-converted-to.pdf Graphic file (type pdf)

<use k_lazy_rm3_valve-eps-converted-to.pdf>
Package pdftex.def Info: k_lazy_rm3_valve-eps-converted-to.pdf used on input li
ne 296.
(pdftex.def)             Requested size: 221.48395pt x 165.75612pt.
 [7 <./control_tab-eps-converted-to.pdf> <./on_off_rm1_temp-eps-converted-to.pd
f> <./on_off_blower-eps-converted-to.pdf>]
Underfull \vbox (badness 3108) has occurred while \output is active []

 [8 <./k_lazy_blower-eps-converted-to.pdf> <./k_lazy_rm1_temp-eps-converted-to.
pdf> <./k_lazy_rm3_temp-eps-converted-to.pdf> <./k_lazy_rm1_valve-eps-converted
-to.pdf> <./k_lazy_rm3_valve-eps-converted-to.pdf>]
Package atveryend Info: Empty hook `BeforeClearDocument' on input line 329.
 [9

]
Package atveryend Info: Empty hook `AfterLastShipout' on input line 329.
 (./EnRoute2.0.aux)
Package atveryend Info: Executing hook `AtVeryEndDocument' on input line 329.
Package atveryend Info: Executing hook `AtEndAfterFileList' on input line 329.
Package rerunfilecheck Info: File `EnRoute2.0.out' has not changed.
(rerunfilecheck)             Checksum: D41D8CD98F00B204E9800998ECF8427E;0.
Package atveryend Info: Empty hook `AtVeryVeryEnd' on input line 329.
 ) 
Here is how much of TeX's memory you used:
 6167 strings out of 493633
 96581 string characters out of 3143378
 188403 words of memory out of 3000000
 9375 multiletter control sequences out of 15000+200000
 8103 words of font info for 29 fonts, out of 3000000 for 9000
 831 hyphenation exceptions out of 8191
 36i,7n,38p,1144b,435s stack positions out of 5000i,500n,10000p,200000b,50000s
</usr/local/texlive/2011/texmf-dist/fonts/type1/public/amsfonts/cm/cmbx10.pfb
></usr/local/texlive/2011/texmf-dist/fonts/type1/public/amsfonts/cm/cmbx12.pfb>
</usr/local/texlive/2011/texmf-dist/fonts/type1/public/amsfonts/cm/cmr10.pfb></
usr/local/texlive/2011/texmf-dist/fonts/type1/public/amsfonts/cm/cmr12.pfb></us
r/local/texlive/2011/texmf-dist/fonts/type1/public/amsfonts/cm/cmr9.pfb></usr/l
ocal/texlive/2011/texmf-dist/fonts/type1/public/amsfonts/cm/cmti10.pfb></usr/lo
cal/texlive/2011/texmf-dist/fonts/type1/public/amsfonts/cm/cmtt10.pfb>
Output written on EnRoute2.0.pdf (9 pages, 7376920 bytes).
PDF statistics:
 307 PDF objects out of 1000 (max. 8388607)
 195 compressed objects within 2 object streams
 29 named destinations out of 1000 (max. 500000)
 234 words of extra memory for PDF output out of 10000 (max. 10000000)

